#
# There is insufficient memory for the Java Runtime Environment to continue.
# Native memory allocation (malloc) failed to allocate 754336 bytes for Chunk::new
# Possible reasons:
#   The system is out of physical RAM or swap space
#   The process is running with CompressedOops enabled, and the Java Heap may be blocking the growth of the native heap
# Possible solutions:
#   Reduce memory load on the system
#   Increase physical memory or swap space
#   Check if swap backing store is full
#   Decrease Java heap size (-Xmx/-Xms)
#   Decrease number of Java threads
#   Decrease Java thread stack sizes (-Xss)
#   Set larger code cache with -XX:ReservedCodeCacheSize=
#   JVM is running with Unscaled Compressed Oops mode in which the Java heap is
#     placed in the first 4GB address space. The Java Heap base address is the
#     maximum limit for the native heap growth. Please use -XX:HeapBaseMinAddress
#     to set the Java Heap base and to place the Java Heap above 4GB virtual address.
# This output file may be truncated or incomplete.
#
#  Out of Memory Error (allocation.cpp:389), pid=13036, tid=0x00000000000002f4
#
# JRE version: OpenJDK Runtime Environment (8.0) (build 1.8.0-25-microsoft-b00)
# Java VM: OpenJDK 64-Bit Server VM (25.71-b00 mixed mode windows-amd64 compressed oops)
# Failed to write core dump. Minidumps are not enabled by default on client versions of Windows
#

---------------  T H R E A D  ---------------

Current thread (0x00000000169ce000):  JavaThread "C2 CompilerThread1" daemon [_thread_in_native, id=756, stack(0x00000000170c0000,0x00000000171c0000)]

Stack: [0x00000000170c0000,0x00000000171c0000]
[error occurred during error reporting (printing stack bounds), id 0xc0000005]

Native frames: (J=compiled Java code, j=interpreted, Vv=VM code, C=native code)


Current CompileTask:
C2:  10863 2386       4       com.android.dx.rop.code.LocalVariableExtractor::processBlock (327 bytes)


---------------  P R O C E S S  ---------------

Java Threads: ( => current thread )
  0x0000000016d00000 JavaThread "pool-2-thread-1" [_thread_blocked, id=9696, stack(0x00000000175c0000,0x00000000176c0000)]
  0x0000000016cb3000 JavaThread "pool-1-thread-1" [_thread_in_Java, id=11576, stack(0x00000000174c0000,0x00000000175c0000)]
  0x0000000016a5d000 JavaThread "Service Thread" daemon [_thread_blocked, id=9620, stack(0x00000000172c0000,0x00000000173c0000)]
  0x00000000169dc000 JavaThread "C1 CompilerThread2" daemon [_thread_blocked, id=10988, stack(0x00000000171c0000,0x00000000172c0000)]
=>0x00000000169ce000 JavaThread "C2 CompilerThread1" daemon [_thread_in_native, id=756, stack(0x00000000170c0000,0x00000000171c0000)]
  0x00000000169cb000 JavaThread "C2 CompilerThread0" daemon [_thread_in_native, id=11132, stack(0x0000000016fc0000,0x00000000170c0000)]
  0x00000000156ce000 JavaThread "Attach Listener" daemon [_thread_blocked, id=9064, stack(0x0000000016ec0000,0x0000000016fc0000)]
  0x00000000169c8800 JavaThread "Signal Dispatcher" daemon [_thread_blocked, id=7404, stack(0x0000000016dc0000,0x0000000016ec0000)]
  0x0000000002f9c800 JavaThread "Finalizer" daemon [_thread_blocked, id=11652, stack(0x00000000168c0000,0x00000000169c0000)]
  0x0000000015659800 JavaThread "Reference Handler" daemon [_thread_blocked, id=4188, stack(0x00000000167c0000,0x00000000168c0000)]
  0x0000000002ea2800 JavaThread "main" [_thread_in_Java, id=13216, stack(0x0000000002da0000,0x0000000002ea0000)]

Other Threads:
  0x0000000015636800 VMThread [stack: 0x00000000166c0000,0x00000000167c0000] [id=7176]
  0x0000000016a5e000 WatcherThread [stack: 0x00000000173c0000,0x00000000174c0000] [id=12988]

VM state:not at safepoint (normal execution)

VM Mutex/Monitor currently owned by a thread: None

heap address: 0x00000000c0000000, size: 1024 MB, Compressed Oops mode: 32-bit
Narrow klass base: 0x0000000000000000, Narrow klass shift: 3
Compressed class space size: 1073741824 Address: 0x0000000100000000

Heap:
 PSYoungGen      total 296960K, used 138666K [0x00000000eab00000, 0x0000000100000000, 0x0000000100000000)
  eden space 263680K, 43% used [0x00000000eab00000,0x00000000f1afbf10,0x00000000fac80000)
  from space 33280K, 72% used [0x00000000fac80000,0x00000000fc3ee978,0x00000000fcd00000)
  to   space 52224K, 0% used [0x00000000fcd00000,0x00000000fcd00000,0x0000000100000000)
 ParOldGen       total 174080K, used 87368K [0x00000000c0000000, 0x00000000caa00000, 0x00000000eab00000)
  object space 174080K, 50% used [0x00000000c0000000,0x00000000c55523f8,0x00000000caa00000)
 Metaspace       used 6752K, capacity 7384K, committed 7680K, reserved 1056768K
  class space    used 614K, capacity 656K, committed 768K, reserved 1048576K

Card table byte_map: [0x0000000012360000,0x0000000012570000] byte_map_base: 0x0000000011d60000

Marking Bits: (ParMarkBitMap*) 0x0000000075288f30
 Begin Bits: [0x0000000012ad0000, 0x0000000013ad0000)
 End Bits:   [0x0000000013ad0000, 0x0000000014ad0000)

Polling page: 0x0000000001140000

CodeCache: size=245760Kb used=8046Kb max_used=10037Kb free=237713Kb
 bounds [0x0000000002fa0000, 0x0000000003990000, 0x0000000011fa0000]
 total_blobs=2214 nmethods=1936 adapters=191
 compilation: enabled

Compilation events (10 events):
Event: 10.696 Thread 0x00000000169dc000 2423   !   2       java.util.concurrent.locks.AbstractQueuedSynchronizer::acquireQueued (93 bytes)
Event: 10.697 Thread 0x00000000169dc000 nmethod 2423 0x00000000031cea10 code [0x00000000031cebe0, 0x00000000031cf118]
Event: 10.727 Thread 0x00000000169dc000 2424       2       java.util.concurrent.locks.AbstractQueuedSynchronizer$ConditionObject::await (98 bytes)
Event: 10.728 Thread 0x00000000169dc000 nmethod 2424 0x000000000345bcd0 code [0x000000000345bee0, 0x000000000345c5a8]
Event: 10.780 Thread 0x00000000169dc000 2425       2       com.android.dx.cf.direct.AnnotationParser::parseConstant (74 bytes)
Event: 10.782 Thread 0x00000000169dc000 nmethod 2425 0x000000000328ce10 code [0x000000000328d0e0, 0x000000000328de08]
Event: 10.829 Thread 0x00000000169dc000 2426       1       com.android.dx.cf.attrib.AttEnclosingMethod::byteLength (3 bytes)
Event: 10.829 Thread 0x00000000169dc000 nmethod 2426 0x000000000311ebd0 code [0x000000000311ed20, 0x000000000311ee30]
Event: 10.845 Thread 0x00000000169dc000 2428       2       com.android.dx.ssa.back.FirstFitLocalCombiningAllocator::findAnyFittingRange (189 bytes)
Event: 10.847 Thread 0x00000000169dc000 nmethod 2428 0x0000000003204cd0 code [0x0000000003204e60, 0x00000000032052d8]

GC Heap History (10 events):
Event: 5.139 GC heap before
{Heap before GC invocations=4 (full 0):
 PSYoungGen      total 71680K, used 71667K [0x00000000eab00000, 0x00000000f3700000, 0x0000000100000000)
  eden space 66560K, 100% used [0x00000000eab00000,0x00000000eec00000,0x00000000eec00000)
  from space 5120K, 99% used [0x00000000eec00000,0x00000000ef0fce60,0x00000000ef100000)
  to   space 5120K, 0% used [0x00000000f3200000,0x00000000f3200000,0x00000000f3700000)
 ParOldGen       total 87552K, used 19329K [0x00000000c0000000, 0x00000000c5580000, 0x00000000eab00000)
  object space 87552K, 22% used [0x00000000c0000000,0x00000000c12e0490,0x00000000c5580000)
 Metaspace       used 6493K, capacity 7158K, committed 7296K, reserved 1056768K
  class space    used 600K, capacity 622K, committed 640K, reserved 1048576K
Event: 5.210 GC heap after
Heap after GC invocations=4 (full 0):
 PSYoungGen      total 138240K, used 5109K [0x00000000eab00000, 0x00000000f3700000, 0x0000000100000000)
  eden space 133120K, 0% used [0x00000000eab00000,0x00000000eab00000,0x00000000f2d00000)
  from space 5120K, 99% used [0x00000000f3200000,0x00000000f36fd550,0x00000000f3700000)
  to   space 5120K, 0% used [0x00000000f2d00000,0x00000000f2d00000,0x00000000f3200000)
 ParOldGen       total 87552K, used 33022K [0x00000000c0000000, 0x00000000c5580000, 0x00000000eab00000)
  object space 87552K, 37% used [0x00000000c0000000,0x00000000c203f828,0x00000000c5580000)
 Metaspace       used 6493K, capacity 7158K, committed 7296K, reserved 1056768K
  class space    used 600K, capacity 622K, committed 640K, reserved 1048576K
}
Event: 6.390 GC heap before
{Heap before GC invocations=5 (full 0):
 PSYoungGen      total 138240K, used 138229K [0x00000000eab00000, 0x00000000f3700000, 0x0000000100000000)
  eden space 133120K, 100% used [0x00000000eab00000,0x00000000f2d00000,0x00000000f2d00000)
  from space 5120K, 99% used [0x00000000f3200000,0x00000000f36fd550,0x00000000f3700000)
  to   space 5120K, 0% used [0x00000000f2d00000,0x00000000f2d00000,0x00000000f3200000)
 ParOldGen       total 87552K, used 33022K [0x00000000c0000000, 0x00000000c5580000, 0x00000000eab00000)
  object space 87552K, 37% used [0x00000000c0000000,0x00000000c203f828,0x00000000c5580000)
 Metaspace       used 6678K, capacity 7320K, committed 7680K, reserved 1056768K
  class space    used 613K, capacity 656K, committed 768K, reserved 1048576K
Event: 6.471 GC heap after
Heap after GC invocations=5 (full 0):
 PSYoungGen      total 138240K, used 5088K [0x00000000eab00000, 0x00000000feb00000, 0x0000000100000000)
  eden space 133120K, 0% used [0x00000000eab00000,0x00000000eab00000,0x00000000f2d00000)
  from space 5120K, 99% used [0x00000000f2d00000,0x00000000f31f8010,0x00000000f3200000)
  to   space 30720K, 0% used [0x00000000fcd00000,0x00000000fcd00000,0x00000000feb00000)
 ParOldGen       total 87552K, used 55064K [0x00000000c0000000, 0x00000000c5580000, 0x00000000eab00000)
  object space 87552K, 62% used [0x00000000c0000000,0x00000000c35c63a0,0x00000000c5580000)
 Metaspace       used 6678K, capacity 7320K, committed 7680K, reserved 1056768K
  class space    used 613K, capacity 656K, committed 768K, reserved 1048576K
}
Event: 7.370 GC heap before
{Heap before GC invocations=6 (full 0):
 PSYoungGen      total 138240K, used 138208K [0x00000000eab00000, 0x00000000feb00000, 0x0000000100000000)
  eden space 133120K, 100% used [0x00000000eab00000,0x00000000f2d00000,0x00000000f2d00000)
  from space 5120K, 99% used [0x00000000f2d00000,0x00000000f31f8010,0x00000000f3200000)
  to   space 30720K, 0% used [0x00000000fcd00000,0x00000000fcd00000,0x00000000feb00000)
 ParOldGen       total 87552K, used 55064K [0x00000000c0000000, 0x00000000c5580000, 0x00000000eab00000)
  object space 87552K, 62% used [0x00000000c0000000,0x00000000c35c63a0,0x00000000c5580000)
 Metaspace       used 6715K, capacity 7384K, committed 7680K, reserved 1056768K
  class space    used 613K, capacity 656K, committed 768K, reserved 1048576K
Event: 7.426 GC heap after
Heap after GC invocations=6 (full 0):
 PSYoungGen      total 294400K, used 24064K [0x00000000eab00000, 0x00000000ff000000, 0x0000000100000000)
  eden space 263680K, 0% used [0x00000000eab00000,0x00000000eab00000,0x00000000fac80000)
  from space 30720K, 78% used [0x00000000fcd00000,0x00000000fe480020,0x00000000feb00000)
  to   space 33280K, 0% used [0x00000000fac80000,0x00000000fac80000,0x00000000fcd00000)
 ParOldGen       total 87552K, used 55072K [0x00000000c0000000, 0x00000000c5580000, 0x00000000eab00000)
  object space 87552K, 62% used [0x00000000c0000000,0x00000000c35c83a0,0x00000000c5580000)
 Metaspace       used 6715K, capacity 7384K, committed 7680K, reserved 1056768K
  class space    used 613K, capacity 656K, committed 768K, reserved 1048576K
}
Event: 9.237 GC heap before
{Heap before GC invocations=7 (full 0):
 PSYoungGen      total 294400K, used 287744K [0x00000000eab00000, 0x00000000ff000000, 0x0000000100000000)
  eden space 263680K, 100% used [0x00000000eab00000,0x00000000fac80000,0x00000000fac80000)
  from space 30720K, 78% used [0x00000000fcd00000,0x00000000fe480020,0x00000000feb00000)
  to   space 33280K, 0% used [0x00000000fac80000,0x00000000fac80000,0x00000000fcd00000)
 ParOldGen       total 87552K, used 55072K [0x00000000c0000000, 0x00000000c5580000, 0x00000000eab00000)
  object space 87552K, 62% used [0x00000000c0000000,0x00000000c35c83a0,0x00000000c5580000)
 Metaspace       used 6741K, capacity 7384K, committed 7680K, reserved 1056768K
  class space    used 613K, capacity 656K, committed 768K, reserved 1048576K
Event: 9.354 GC heap after
Heap after GC invocations=7 (full 0):
 PSYoungGen      total 296960K, used 33278K [0x00000000eab00000, 0x0000000100000000, 0x0000000100000000)
  eden space 263680K, 0% used [0x00000000eab00000,0x00000000eab00000,0x00000000fac80000)
  from space 33280K, 99% used [0x00000000fac80000,0x00000000fccff9a0,0x00000000fcd00000)
  to   space 52224K, 0% used [0x00000000fcd00000,0x00000000fcd00000,0x0000000100000000)
 ParOldGen       total 87552K, used 83823K [0x00000000c0000000, 0x00000000c5580000, 0x00000000eab00000)
  object space 87552K, 95% used [0x00000000c0000000,0x00000000c51dbe70,0x00000000c5580000)
 Metaspace       used 6741K, capacity 7384K, committed 7680K, reserved 1056768K
  class space    used 613K, capacity 656K, committed 768K, reserved 1048576K
}
Event: 9.354 GC heap before
{Heap before GC invocations=8 (full 1):
 PSYoungGen      total 296960K, used 33278K [0x00000000eab00000, 0x0000000100000000, 0x0000000100000000)
  eden space 263680K, 0% used [0x00000000eab00000,0x00000000eab00000,0x00000000fac80000)
  from space 33280K, 99% used [0x00000000fac80000,0x00000000fccff9a0,0x00000000fcd00000)
  to   space 52224K, 0% used [0x00000000fcd00000,0x00000000fcd00000,0x0000000100000000)
 ParOldGen       total 87552K, used 83823K [0x00000000c0000000, 0x00000000c5580000, 0x00000000eab00000)
  object space 87552K, 95% used [0x00000000c0000000,0x00000000c51dbe70,0x00000000c5580000)
 Metaspace       used 6741K, capacity 7384K, committed 7680K, reserved 1056768K
  class space    used 613K, capacity 656K, committed 768K, reserved 1048576K
Event: 10.228 GC heap after
Heap after GC invocations=8 (full 1):
 PSYoungGen      total 296960K, used 23994K [0x00000000eab00000, 0x0000000100000000, 0x0000000100000000)
  eden space 263680K, 0% used [0x00000000eab00000,0x00000000eab00000,0x00000000fac80000)
  from space 33280K, 72% used [0x00000000fac80000,0x00000000fc3ee978,0x00000000fcd00000)
  to   space 52224K, 0% used [0x00000000fcd00000,0x00000000fcd00000,0x0000000100000000)
 ParOldGen       total 174080K, used 87368K [0x00000000c0000000, 0x00000000caa00000, 0x00000000eab00000)
  object space 174080K, 50% used [0x00000000c0000000,0x00000000c55523f8,0x00000000caa00000)
 Metaspace       used 6741K, capacity 7384K, committed 7680K, reserved 1056768K
  class space    used 613K, capacity 656K, committed 768K, reserved 1048576K
}

Deoptimization events (10 events):
Event: 7.444 Thread 0x0000000016cb3000 Uncommon trap: reason=speculate_class_check action=maybe_recompile pc=0x00000000038fb908 method=com.android.dx.ssa.SsaInsn.mapRegisters(Lcom/android/dx/ssa/RegisterMapper;)V @ 31
Event: 7.485 Thread 0x0000000002ea2800 Uncommon trap: reason=unstable_if action=reinterpret pc=0x000000000372de00 method=com.android.dx.ssa.DomFront.calcDomFronts()V @ 106
Event: 8.063 Thread 0x0000000016cb3000 Uncommon trap: reason=unstable_if action=reinterpret pc=0x00000000030b2274 method=java.util.HashMap.getNode(ILjava/lang/Object;)Ljava/util/HashMap$Node; @ 62
Event: 8.190 Thread 0x0000000002ea2800 Uncommon trap: reason=unstable_if action=reinterpret pc=0x00000000030b99fc method=java.util.HashMap.getNode(ILjava/lang/Object;)Ljava/util/HashMap$Node; @ 62
Event: 8.266 Thread 0x0000000002ea2800 Uncommon trap: reason=unstable_if action=reinterpret pc=0x000000000395c184 method=com.android.dx.ssa.SCCP.simulateStmt(Lcom/android/dx/ssa/SsaInsn;)V @ 469
Event: 8.366 Thread 0x0000000016cb3000 Uncommon trap: reason=unstable_if action=reinterpret pc=0x0000000003963858 method=com.android.dx.ssa.LiteralOpUpgrader.tryReplacingWithConstant(Lcom/android/dx/ssa/NormalSsaInsn;)Z @ 30
Event: 8.738 Thread 0x0000000002ea2800 Uncommon trap: reason=unstable_if action=reinterpret pc=0x00000000031f02cc method=com.android.dx.ssa.NormalSsaInsn.getLocalAssignment()Lcom/android/dx/rop/code/RegisterSpec; @ 12
Event: 8.739 Thread 0x0000000002ea2800 Uncommon trap: reason=unstable_if action=reinterpret pc=0x0000000003280ce8 method=com.android.dx.ssa.NormalSsaInsn.getLocalAssignment()Lcom/android/dx/rop/code/RegisterSpec; @ 12
Event: 9.021 Thread 0x0000000002ea2800 Uncommon trap: reason=unstable_if action=reinterpret pc=0x000000000397cca4 method=com.android.dx.rop.code.RegisterSpec.equals(ILcom/android/dx/rop/type/TypeBearer;Lcom/android/dx/rop/code/LocalItem;)Z @ 42
Event: 9.029 Thread 0x0000000002ea2800 Uncommon trap: reason=unstable_if action=reinterpret pc=0x0000000003918d58 method=java.util.HashMap.getNode(ILjava/lang/Object;)Ljava/util/HashMap$Node; @ 129

Classes redefined (0 events):
No events

Internal exceptions (8 events):
Event: 0.089 Thread 0x0000000002ea2800 Exception <a 'java/lang/NoSuchMethodError': Method sun.misc.Unsafe.defineClass(Ljava/lang/String;[BII)Ljava/lang/Class; name or signature does not match> (0x00000000eab07cb0) thrown at [D:\j\worksp~1\openjd~3\jdk8u\hotspot\src\share\vm\prims\jni.cpp, line
Event: 0.089 Thread 0x0000000002ea2800 Exception <a 'java/lang/NoSuchMethodError': Method sun.misc.Unsafe.prefetchRead(Ljava/lang/Object;J)V name or signature does not match> (0x00000000eab07f98) thrown at [D:\j\worksp~1\openjd~3\jdk8u\hotspot\src\share\vm\prims\jni.cpp, line 4012]
Event: 4.177 Thread 0x0000000002ea2800 Exception <a 'java/lang/ArrayIndexOutOfBoundsException': 18> (0x00000000ed400f68) thrown at [D:\j\worksp~1\openjd~3\jdk8u\hotspot\src\share\vm\interpreter\interpreterRuntime.cpp, line 368]
Event: 4.178 Thread 0x0000000002ea2800 Exception <a 'java/lang/ArrayIndexOutOfBoundsException': 145> (0x00000000ed402ae8) thrown at [D:\j\worksp~1\openjd~3\jdk8u\hotspot\src\share\vm\interpreter\interpreterRuntime.cpp, line 368]
Event: 4.183 Thread 0x0000000002ea2800 Exception <a 'java/lang/ArrayIndexOutOfBoundsException'> (0x00000000ed403dd0) thrown at [D:\j\worksp~1\openjd~3\jdk8u\hotspot\src\share\vm\runtime\sharedRuntime.cpp, line 605]
Event: 5.852 Thread 0x0000000016cb3000 Implicit null exception at 0x000000000370fa3e to 0x0000000003710399
Event: 5.856 Thread 0x0000000016cb3000 Implicit null exception at 0x00000000035c876c to 0x00000000035c8798
Event: 6.549 Thread 0x0000000002ea2800 Implicit null exception at 0x000000000327d262 to 0x000000000327d35a

Events (10 events):
Event: 10.548 Thread 0x00000000169dc000 flushing nmethod 0x0000000003772010
Event: 10.548 Thread 0x00000000169dc000 flushing nmethod 0x0000000003775550
Event: 10.578 Thread 0x00000000169dc000 flushing nmethod 0x0000000003788210
Event: 10.578 Thread 0x00000000169dc000 flushing nmethod 0x00000000037997d0
Event: 10.578 Thread 0x00000000169dc000 flushing nmethod 0x00000000037a4b90
Event: 10.578 Thread 0x00000000169dc000 flushing nmethod 0x00000000037daf50
Event: 10.580 Thread 0x00000000169dc000 flushing nmethod 0x00000000037f7110
Event: 10.580 Thread 0x00000000169dc000 flushing nmethod 0x000000000383ab50
Event: 10.702 Thread 0x0000000016cb3000 DEOPT PACKING pc=0x0000000003340c77 sp=0x00000000175be710
Event: 10.702 Thread 0x0000000016cb3000 DEOPT UNPACKING pc=0x0000000002fe75d0 sp=0x00000000175be478 mode 0


Dynamic libraries:
0x00007ff70a850000 - 0x00007ff70a885000 	C:\Program Files\Android\Jdk\microsoft_dist_openjdk_1.8.0.25\bin\java.exe
0x00007ffd2c540000 - 0x00007ffd2c6ed000 	C:\Windows\SYSTEM32\ntdll.dll
0x00007ffd2c400000 - 0x00007ffd2c53f000 	C:\Windows\system32\KERNEL32.DLL
0x00007ffd29a00000 - 0x00007ffd29b15000 	C:\Windows\system32\KERNELBASE.dll
0x00007ffd2bd90000 - 0x00007ffd2be3a000 	C:\Windows\system32\ADVAPI32.dll
0x00007ffd29eb0000 - 0x00007ffd2a027000 	C:\Windows\system32\USER32.dll
0x00007ffd27560000 - 0x00007ffd277db000 	C:\Windows\WinSxS\amd64_microsoft.windows.common-controls_6595b64144ccf1df_6.0.9600.19394_none_62486577ecb635cf\COMCTL32.dll
0x00007ffd2bc60000 - 0x00007ffd2bd0a000 	C:\Windows\system32\msvcrt.dll
0x00007ffd2a3f0000 - 0x00007ffd2a449000 	C:\Windows\SYSTEM32\sechost.dll
0x00007ffd2a2b0000 - 0x00007ffd2a3f0000 	C:\Windows\system32\RPCRT4.dll
0x00007ffd2a110000 - 0x00007ffd2a25c000 	C:\Windows\system32\GDI32.dll
0x00007ffd29920000 - 0x00007ffd2994e000 	C:\Windows\system32\SspiCli.dll
0x00007ffd2a270000 - 0x00007ffd2a2a6000 	C:\Windows\system32\IMM32.DLL
0x00007ffd2c020000 - 0x00007ffd2c171000 	C:\Windows\system32\MSCTF.dll
0x00000000762f0000 - 0x00000000763c1000 	C:\Program Files\Android\Jdk\microsoft_dist_openjdk_1.8.0.25\jre\bin\msvcr100.dll
0x0000000074ac0000 - 0x0000000075305000 	C:\Program Files\Android\Jdk\microsoft_dist_openjdk_1.8.0.25\jre\bin\server\jvm.dll
0x00007ffd1ec10000 - 0x00007ffd1ec19000 	C:\Windows\SYSTEM32\WSOCK32.dll
0x00007ffd26650000 - 0x00007ffd26672000 	C:\Windows\SYSTEM32\WINMM.dll
0x00007ffd21280000 - 0x00007ffd2128a000 	C:\Windows\SYSTEM32\VERSION.dll
0x00007ffd29ea0000 - 0x00007ffd29ea7000 	C:\Windows\system32\PSAPI.DLL
0x00007ffd2bd10000 - 0x00007ffd2bd6a000 	C:\Windows\system32\WS2_32.dll
0x00007ffd26570000 - 0x00007ffd2659a000 	C:\Windows\SYSTEM32\WINMMBASE.dll
0x00007ffd2bd80000 - 0x00007ffd2bd89000 	C:\Windows\system32\NSI.dll
0x00007ffd29b20000 - 0x00007ffd29b6f000 	C:\Windows\SYSTEM32\cfgmgr32.dll
0x00007ffd28480000 - 0x00007ffd284a8000 	C:\Windows\SYSTEM32\DEVOBJ.dll
0x00007ffd12be0000 - 0x00007ffd12bef000 	C:\Program Files\Android\Jdk\microsoft_dist_openjdk_1.8.0.25\jre\bin\verify.dll
0x00007ffd085f0000 - 0x00007ffd08619000 	C:\Program Files\Android\Jdk\microsoft_dist_openjdk_1.8.0.25\jre\bin\java.dll
0x00007ffd08530000 - 0x00007ffd08546000 	C:\Program Files\Android\Jdk\microsoft_dist_openjdk_1.8.0.25\jre\bin\zip.dll
0x00007ffd2a450000 - 0x00007ffd2b97b000 	C:\Windows\system32\SHELL32.dll
0x00007ffd2b980000 - 0x00007ffd2bb90000 	C:\Windows\SYSTEM32\combase.dll
0x00007ffd29ca0000 - 0x00007ffd29cf4000 	C:\Windows\system32\SHLWAPI.dll
0x00007ffd27ec0000 - 0x00007ffd27f72000 	C:\Windows\SYSTEM32\SHCORE.dll
0x00007ffd29670000 - 0x00007ffd29685000 	C:\Windows\SYSTEM32\profapi.dll

VM Arguments:
jvm_args: -Dfile.encoding=UTF8 -Xmx1G 
java_command: C:\Program Files (x86)\Android\android-sdk\build-tools\28.0.3\\lib\dx.jar --dex --no-strict --input-list=C:\Users\YongHo\AppData\Local\Temp\tmp843C.tmp --output obj\Debug\90\android\bin
java_class_path (initial): C:\Program Files (x86)\Android\android-sdk\build-tools\28.0.3\\lib\dx.jar
Launcher Type: SUN_STANDARD

Environment Variables:
JAVA_HOME=C:\Program Files\Android\Jdk\microsoft_dist_openjdk_1.8.0.25
CLASSPATH=C:\Program Files\Java\jdk1.8.0_60\lib\mysql-connector-java-5.1.37-bin.jar;C:\Program Files\Java\jre7\lib\mysql-connector-java-5.1.37-bin.jar;C:\Program Files\Java\jdk1.7.0_75\lib\mysql-connector-java-5.1.37-bin.jar;
USERNAME=YongHo
OS=Windows_NT
PROCESSOR_IDENTIFIER=Intel64 Family 6 Model 61 Stepping 4, GenuineIntel



---------------  S Y S T E M  ---------------

OS: Windows 8.1 , 64 bit Build 9600 (6.3.9600.19358)

CPU:total 4 (initial active 4) (2 cores per cpu, 2 threads per core) family 6 model 61 stepping 4, cmov, cx8, fxsr, mmx, sse, sse2, sse3, ssse3, sse4.1, sse4.2, popcnt, avx, avx2, aes, clmul, erms, 3dnowpref, lzcnt, ht, tsc, tscinvbit, bmi1, bmi2, adx

Memory: 4k page, physical 8292268k(728996k free), swap 11437996k(5116k free)

vm_info: OpenJDK 64-Bit Server VM (25.71-b00) for windows-amd64 JRE (1.8.0-25-microsoft-b00), built on Feb  7 2019 20:09:14 by "builder" with MS VC++ 10.0 (VS2010)

time: Wed Jul 31 16:37:24 2019
timezone: 오스트레일리아 동부 표준시
elapsed time: 10 seconds (0d 0h 0m 10s)

